<?xml version="1.0" encoding="UTF-8"?>
<coverage generated="1683816388516" clover="3.2.0">
  <project timestamp="1683816388516" name="All files">
    <metrics statements="32" coveredstatements="15" conditionals="9" coveredconditionals="3" methods="13" coveredmethods="6" elements="54" coveredelements="24" complexity="0" loc="32" ncloc="32" packages="1" files="2" classes="2"/>
    <file name="crud.js" path="/home/cesarherr/microverse/module2/To_do_List/modules/crud.js">
      <metrics statements="29" coveredstatements="12" conditionals="8" coveredconditionals="2" methods="12" coveredmethods="5"/>
      <line num="3" count="1" type="stmt"/>
      <line num="7" count="4" type="cond" truecount="2" falsecount="0"/>
      <line num="8" count="4" type="stmt"/>
      <line num="12" count="4" type="stmt"/>
      <line num="13" count="4" type="stmt"/>
      <line num="14" count="4" type="stmt"/>
      <line num="15" count="4" type="stmt"/>
      <line num="19" count="2" type="stmt"/>
      <line num="20" count="2" type="stmt"/>
      <line num="21" count="2" type="stmt"/>
      <line num="25" count="0" type="stmt"/>
      <line num="26" count="0" type="stmt"/>
      <line num="30" count="0" type="stmt"/>
      <line num="32" count="0" type="stmt"/>
      <line num="47" count="2" type="stmt"/>
      <line num="48" count="0" type="stmt"/>
      <line num="53" count="0" type="stmt"/>
      <line num="54" count="0" type="cond" truecount="0" falsecount="2"/>
      <line num="55" count="0" type="stmt"/>
      <line num="56" count="0" type="stmt"/>
      <line num="57" count="0" type="stmt"/>
      <line num="58" count="0" type="stmt"/>
      <line num="64" count="4" type="stmt"/>
      <line num="65" count="0" type="cond" truecount="0" falsecount="2"/>
      <line num="66" count="0" type="cond" truecount="0" falsecount="2"/>
      <line num="67" count="0" type="stmt"/>
      <line num="68" count="0" type="stmt"/>
      <line num="69" count="0" type="stmt"/>
      <line num="70" count="0" type="stmt"/>
    </file>
    <file name="todo.js" path="/home/cesarherr/microverse/module2/To_do_List/modules/todo.js">
      <metrics statements="3" coveredstatements="3" conditionals="1" coveredconditionals="1" methods="1" coveredmethods="1"/>
      <line num="3" count="4" type="stmt"/>
      <line num="4" count="4" type="stmt"/>
      <line num="5" count="4" type="stmt"/>
    </file>
  </project>
</coverage>
