{"/home/cesdev/Microverse/module1/To_do_List/modules/crud.js": {"path":"/home/cesdev/Microverse/module1/To_do_List/modules/crud.js","statementMap":{"0":{"start":{"line":3,"column":17},"end":{"line":3,"column":49}},"1":{"start":{"line":7,"column":4},"end":{"line":7,"column":63}},"2":{"start":{"line":8,"column":4},"end":{"line":8,"column":22}},"3":{"start":{"line":12,"column":20},"end":{"line":12,"column":34}},"4":{"start":{"line":13,"column":4},"end":{"line":13,"column":41}},"5":{"start":{"line":14,"column":4},"end":{"line":14,"column":28}},"6":{"start":{"line":15,"column":4},"end":{"line":15,"column":60}},"7":{"start":{"line":19,"column":4},"end":{"line":19,"column":31}},"8":{"start":{"line":20,"column":4},"end":{"line":20,"column":19}},"9":{"start":{"line":21,"column":4},"end":{"line":21,"column":60}},"10":{"start":{"line":25,"column":4},"end":{"line":25,"column":36}},"11":{"start":{"line":26,"column":4},"end":{"line":26,"column":60}},"12":{"start":{"line":30,"column":4},"end":{"line":42,"column":16}},"13":{"start":{"line":32,"column":25},"end":{"line":40,"column":7}},"14":{"start":{"line":44,"column":19},"end":{"line":44,"column":60}},"15":{"start":{"line":45,"column":20},"end":{"line":45,"column":54}},"16":{"start":{"line":46,"column":23},"end":{"line":46,"column":71}},"17":{"start":{"line":48,"column":4},"end":{"line":75,"column":7}},"18":{"start":{"line":49,"column":6},"end":{"line":60,"column":7}},"19":{"start":{"line":50,"column":8},"end":{"line":52,"column":11}},"20":{"start":{"line":51,"column":10},"end":{"line":51,"column":54}},"21":{"start":{"line":53,"column":8},"end":{"line":56,"column":11}},"22":{"start":{"line":54,"column":10},"end":{"line":54,"column":48}},"23":{"start":{"line":55,"column":10},"end":{"line":55,"column":53}},"24":{"start":{"line":57,"column":8},"end":{"line":59,"column":11}},"25":{"start":{"line":58,"column":10},"end":{"line":58,"column":53}},"26":{"start":{"line":62,"column":6},"end":{"line":74,"column":7}},"27":{"start":{"line":63,"column":30},"end":{"line":63,"column":50}},"28":{"start":{"line":64,"column":21},"end":{"line":66,"column":9}},"29":{"start":{"line":68,"column":8},"end":{"line":68,"column":43}},"30":{"start":{"line":69,"column":8},"end":{"line":69,"column":54}},"31":{"start":{"line":70,"column":8},"end":{"line":70,"column":66}},"32":{"start":{"line":71,"column":8},"end":{"line":73,"column":55}},"33":{"start":{"line":79,"column":4},"end":{"line":81,"column":7}},"34":{"start":{"line":80,"column":6},"end":{"line":80,"column":29}},"35":{"start":{"line":85,"column":4},"end":{"line":92,"column":7}},"36":{"start":{"line":86,"column":6},"end":{"line":91,"column":7}},"37":{"start":{"line":87,"column":30},"end":{"line":87,"column":50}},"38":{"start":{"line":88,"column":8},"end":{"line":88,"column":31}},"39":{"start":{"line":89,"column":8},"end":{"line":89,"column":64}},"40":{"start":{"line":90,"column":8},"end":{"line":90,"column":27}},"41":{"start":{"line":96,"column":4},"end":{"line":105,"column":7}},"42":{"start":{"line":97,"column":6},"end":{"line":104,"column":7}},"43":{"start":{"line":98,"column":8},"end":{"line":103,"column":9}},"44":{"start":{"line":99,"column":28},"end":{"line":99,"column":40}},"45":{"start":{"line":100,"column":32},"end":{"line":100,"column":52}},"46":{"start":{"line":101,"column":10},"end":{"line":101,"column":38}},"47":{"start":{"line":102,"column":10},"end":{"line":102,"column":29}},"48":{"start":{"line":109,"column":4},"end":{"line":117,"column":7}},"49":{"start":{"line":110,"column":6},"end":{"line":116,"column":7}},"50":{"start":{"line":111,"column":26},"end":{"line":111,"column":42}},"51":{"start":{"line":112,"column":19},"end":{"line":112,"column":59}},"52":{"start":{"line":114,"column":8},"end":{"line":114,"column":56}},"53":{"start":{"line":115,"column":8},"end":{"line":115,"column":64}},"54":{"start":{"line":121,"column":21},"end":{"line":121,"column":53}},"55":{"start":{"line":122,"column":4},"end":{"line":125,"column":7}},"56":{"start":{"line":123,"column":6},"end":{"line":123,"column":27}},"57":{"start":{"line":124,"column":6},"end":{"line":124,"column":31}},"58":{"start":{"line":129,"column":4},"end":{"line":129,"column":73}},"59":{"start":{"line":129,"column":46},"end":{"line":129,"column":71}},"60":{"start":{"line":130,"column":4},"end":{"line":130,"column":19}},"61":{"start":{"line":131,"column":4},"end":{"line":131,"column":60}},"62":{"start":{"line":136,"column":4},"end":{"line":139,"column":7}},"63":{"start":{"line":137,"column":6},"end":{"line":137,"column":28}},"64":{"start":{"line":138,"column":6},"end":{"line":138,"column":62}}},"fnMap":{"0":{"name":"(anonymous_0)","decl":{"start":{"line":6,"column":2},"end":{"line":6,"column":3}},"loc":{"start":{"line":6,"column":16},"end":{"line":9,"column":3}},"line":6},"1":{"name":"(anonymous_1)","decl":{"start":{"line":11,"column":2},"end":{"line":11,"column":3}},"loc":{"start":{"line":11,"column":12},"end":{"line":16,"column":3}},"line":11},"2":{"name":"(anonymous_2)","decl":{"start":{"line":18,"column":2},"end":{"line":18,"column":3}},"loc":{"start":{"line":18,"column":16},"end":{"line":22,"column":3}},"line":18},"3":{"name":"(anonymous_3)","decl":{"start":{"line":24,"column":2},"end":{"line":24,"column":3}},"loc":{"start":{"line":24,"column":23},"end":{"line":27,"column":3}},"line":24},"4":{"name":"(anonymous_4)","decl":{"start":{"line":29,"column":2},"end":{"line":29,"column":3}},"loc":{"start":{"line":29,"column":16},"end":{"line":76,"column":3}},"line":29},"5":{"name":"(anonymous_5)","decl":{"start":{"line":32,"column":8},"end":{"line":32,"column":9}},"loc":{"start":{"line":32,"column":25},"end":{"line":40,"column":7}},"line":32},"6":{"name":"(anonymous_6)","decl":{"start":{"line":48,"column":39},"end":{"line":48,"column":40}},"loc":{"start":{"line":48,"column":50},"end":{"line":75,"column":5}},"line":48},"7":{"name":"(anonymous_7)","decl":{"start":{"line":50,"column":23},"end":{"line":50,"column":24}},"loc":{"start":{"line":50,"column":34},"end":{"line":52,"column":9}},"line":50},"8":{"name":"(anonymous_8)","decl":{"start":{"line":53,"column":24},"end":{"line":53,"column":25}},"loc":{"start":{"line":53,"column":34},"end":{"line":56,"column":9}},"line":53},"9":{"name":"(anonymous_9)","decl":{"start":{"line":57,"column":27},"end":{"line":57,"column":28}},"loc":{"start":{"line":57,"column":37},"end":{"line":59,"column":9}},"line":57},"10":{"name":"(anonymous_10)","decl":{"start":{"line":78,"column":2},"end":{"line":78,"column":3}},"loc":{"start":{"line":78,"column":12},"end":{"line":82,"column":3}},"line":78},"11":{"name":"(anonymous_11)","decl":{"start":{"line":79,"column":22},"end":{"line":79,"column":23}},"loc":{"start":{"line":79,"column":39},"end":{"line":81,"column":5}},"line":79},"12":{"name":"(anonymous_12)","decl":{"start":{"line":84,"column":2},"end":{"line":84,"column":3}},"loc":{"start":{"line":84,"column":26},"end":{"line":93,"column":3}},"line":84},"13":{"name":"(anonymous_13)","decl":{"start":{"line":85,"column":39},"end":{"line":85,"column":40}},"loc":{"start":{"line":85,"column":50},"end":{"line":92,"column":5}},"line":85},"14":{"name":"(anonymous_14)","decl":{"start":{"line":95,"column":2},"end":{"line":95,"column":3}},"loc":{"start":{"line":95,"column":15},"end":{"line":106,"column":3}},"line":95},"15":{"name":"(anonymous_15)","decl":{"start":{"line":96,"column":39},"end":{"line":96,"column":40}},"loc":{"start":{"line":96,"column":50},"end":{"line":105,"column":5}},"line":96},"16":{"name":"(anonymous_16)","decl":{"start":{"line":108,"column":2},"end":{"line":108,"column":3}},"loc":{"start":{"line":108,"column":10},"end":{"line":118,"column":3}},"line":108},"17":{"name":"(anonymous_17)","decl":{"start":{"line":109,"column":39},"end":{"line":109,"column":40}},"loc":{"start":{"line":109,"column":46},"end":{"line":117,"column":5}},"line":109},"18":{"name":"(anonymous_18)","decl":{"start":{"line":120,"column":2},"end":{"line":120,"column":3}},"loc":{"start":{"line":120,"column":19},"end":{"line":126,"column":3}},"line":120},"19":{"name":"(anonymous_19)","decl":{"start":{"line":122,"column":39},"end":{"line":122,"column":40}},"loc":{"start":{"line":122,"column":45},"end":{"line":125,"column":5}},"line":122},"20":{"name":"(anonymous_20)","decl":{"start":{"line":128,"column":2},"end":{"line":128,"column":3}},"loc":{"start":{"line":128,"column":18},"end":{"line":133,"column":3}},"line":128},"21":{"name":"(anonymous_21)","decl":{"start":{"line":129,"column":33},"end":{"line":129,"column":34}},"loc":{"start":{"line":129,"column":46},"end":{"line":129,"column":71}},"line":129},"22":{"name":"(anonymous_22)","decl":{"start":{"line":135,"column":2},"end":{"line":135,"column":3}},"loc":{"start":{"line":135,"column":19},"end":{"line":140,"column":3}},"line":135},"23":{"name":"(anonymous_23)","decl":{"start":{"line":136,"column":22},"end":{"line":136,"column":23}},"loc":{"start":{"line":136,"column":32},"end":{"line":139,"column":5}},"line":136}},"branchMap":{"0":{"loc":{"start":{"line":7,"column":16},"end":{"line":7,"column":62}},"type":"binary-expr","locations":[{"start":{"line":7,"column":16},"end":{"line":7,"column":56}},{"start":{"line":7,"column":60},"end":{"line":7,"column":62}}],"line":7},"1":{"loc":{"start":{"line":49,"column":6},"end":{"line":60,"column":7}},"type":"if","locations":[{"start":{"line":49,"column":6},"end":{"line":60,"column":7}},{"start":{},"end":{}}],"line":49},"2":{"loc":{"start":{"line":62,"column":6},"end":{"line":74,"column":7}},"type":"if","locations":[{"start":{"line":62,"column":6},"end":{"line":74,"column":7}},{"start":{},"end":{}}],"line":62},"3":{"loc":{"start":{"line":86,"column":6},"end":{"line":91,"column":7}},"type":"if","locations":[{"start":{"line":86,"column":6},"end":{"line":91,"column":7}},{"start":{},"end":{}}],"line":86},"4":{"loc":{"start":{"line":97,"column":6},"end":{"line":104,"column":7}},"type":"if","locations":[{"start":{"line":97,"column":6},"end":{"line":104,"column":7}},{"start":{},"end":{}}],"line":97},"5":{"loc":{"start":{"line":98,"column":8},"end":{"line":103,"column":9}},"type":"if","locations":[{"start":{"line":98,"column":8},"end":{"line":103,"column":9}},{"start":{},"end":{}}],"line":98},"6":{"loc":{"start":{"line":110,"column":6},"end":{"line":116,"column":7}},"type":"if","locations":[{"start":{"line":110,"column":6},"end":{"line":116,"column":7}},{"start":{},"end":{}}],"line":110}},"s":{"0":2,"1":9,"2":9,"3":7,"4":7,"5":7,"6":7,"7":2,"8":2,"9":2,"10":1,"11":1,"12":0,"13":0,"14":0,"15":0,"16":0,"17":0,"18":0,"19":0,"20":0,"21":0,"22":0,"23":0,"24":0,"25":0,"26":0,"27":0,"28":0,"29":0,"30":0,"31":0,"32":0,"33":3,"34":0,"35":0,"36":0,"37":0,"38":0,"39":0,"40":0,"41":9,"42":0,"43":0,"44":0,"45":0,"46":0,"47":0,"48":3,"49":4,"50":4,"51":4,"52":4,"53":4,"54":0,"55":0,"56":0,"57":0,"58":1,"59":1,"60":1,"61":1,"62":0,"63":0,"64":0},"f":{"0":9,"1":7,"2":2,"3":1,"4":0,"5":0,"6":0,"7":0,"8":0,"9":0,"10":3,"11":0,"12":0,"13":0,"14":9,"15":0,"16":3,"17":4,"18":0,"19":0,"20":1,"21":1,"22":0,"23":0},"b":{"0":[9,9],"1":[0,0],"2":[0,0],"3":[0,0],"4":[0,0],"5":[0,0],"6":[4,0]},"_coverageSchema":"1a1c01bbd47fc00a2c39e90264f33305004495a9","hash":"43c55ca474837d29a2b7251b9b3972e42d1cf1c5"}
,"/home/cesdev/Microverse/module1/To_do_List/modules/todo.js": {"path":"/home/cesdev/Microverse/module1/To_do_List/modules/todo.js","statementMap":{"0":{"start":{"line":3,"column":4},"end":{"line":3,"column":21}},"1":{"start":{"line":4,"column":4},"end":{"line":4,"column":26}},"2":{"start":{"line":5,"column":4},"end":{"line":5,"column":23}}},"fnMap":{"0":{"name":"(anonymous_0)","decl":{"start":{"line":2,"column":2},"end":{"line":2,"column":3}},"loc":{"start":{"line":2,"column":31},"end":{"line":6,"column":3}},"line":2}},"branchMap":{"0":{"loc":{"start":{"line":2,"column":20},"end":{"line":2,"column":29}},"type":"default-arg","locations":[{"start":{"line":2,"column":28},"end":{"line":2,"column":29}}],"line":2}},"s":{"0":7,"1":7,"2":7},"f":{"0":7},"b":{"0":[7]},"_coverageSchema":"1a1c01bbd47fc00a2c39e90264f33305004495a9","hash":"568dafed53a17875a87d7b9355f5111ca111501c"}
}
