TN:
SF:modules/crud.js
FN:6,(anonymous_0)
FN:11,(anonymous_1)
FN:18,(anonymous_2)
FN:24,(anonymous_3)
FN:29,(anonymous_4)
FN:32,(anonymous_5)
FN:48,(anonymous_6)
FN:50,(anonymous_7)
FN:53,(anonymous_8)
FN:57,(anonymous_9)
FN:78,(anonymous_10)
FN:79,(anonymous_11)
FN:84,(anonymous_12)
FN:85,(anonymous_13)
FN:95,(anonymous_14)
FN:96,(anonymous_15)
FN:108,(anonymous_16)
FN:109,(anonymous_17)
FN:120,(anonymous_18)
FN:122,(anonymous_19)
FN:128,(anonymous_20)
FN:129,(anonymous_21)
FN:135,(anonymous_22)
FN:136,(anonymous_23)
FNF:24
FNH:10
FNDA:9,(anonymous_0)
FNDA:7,(anonymous_1)
FNDA:2,(anonymous_2)
FNDA:1,(anonymous_3)
FNDA:0,(anonymous_4)
FNDA:0,(anonymous_5)
FNDA:0,(anonymous_6)
FNDA:0,(anonymous_7)
FNDA:0,(anonymous_8)
FNDA:0,(anonymous_9)
FNDA:3,(anonymous_10)
FNDA:0,(anonymous_11)
FNDA:0,(anonymous_12)
FNDA:0,(anonymous_13)
FNDA:9,(anonymous_14)
FNDA:0,(anonymous_15)
FNDA:3,(anonymous_16)
FNDA:4,(anonymous_17)
FNDA:0,(anonymous_18)
FNDA:0,(anonymous_19)
FNDA:1,(anonymous_20)
FNDA:1,(anonymous_21)
FNDA:0,(anonymous_22)
FNDA:0,(anonymous_23)
DA:3,2
DA:7,9
DA:8,9
DA:12,7
DA:13,7
DA:14,7
DA:15,7
DA:19,2
DA:20,2
DA:21,2
DA:25,1
DA:26,1
DA:30,0
DA:32,0
DA:44,0
DA:45,0
DA:46,0
DA:48,0
DA:49,0
DA:50,0
DA:51,0
DA:53,0
DA:54,0
DA:55,0
DA:57,0
DA:58,0
DA:62,0
DA:63,0
DA:64,0
DA:68,0
DA:69,0
DA:70,0
DA:71,0
DA:79,3
DA:80,0
DA:85,0
DA:86,0
DA:87,0
DA:88,0
DA:89,0
DA:90,0
DA:96,9
DA:97,0
DA:98,0
DA:99,0
DA:100,0
DA:101,0
DA:102,0
DA:109,3
DA:110,4
DA:111,4
DA:112,4
DA:114,4
DA:115,4
DA:121,0
DA:122,0
DA:123,0
DA:124,0
DA:129,1
DA:130,1
DA:131,1
DA:136,0
DA:137,0
DA:138,0
LF:64
LH:23
BRDA:7,0,0,9
BRDA:7,0,1,9
BRDA:49,1,0,0
BRDA:49,1,1,0
BRDA:62,2,0,0
BRDA:62,2,1,0
BRDA:86,3,0,0
BRDA:86,3,1,0
BRDA:97,4,0,0
BRDA:97,4,1,0
BRDA:98,5,0,0
BRDA:98,5,1,0
BRDA:110,6,0,4
BRDA:110,6,1,0
BRF:14
BRH:3
end_of_record
TN:
SF:modules/todo.js
FN:2,(anonymous_0)
FNF:1
FNH:1
FNDA:7,(anonymous_0)
DA:3,7
DA:4,7
DA:5,7
LF:3
LH:3
BRDA:2,0,0,7
BRF:1
BRH:1
end_of_record
